{
  "stats": {
    "suites": 1,
    "tests": 5,
    "passes": 5,
    "pending": 0,
    "failures": 0,
    "start": "2020-11-01T21:01:23.693Z",
    "end": "2020-11-01T21:01:40.541Z",
    "duration": 16848,
    "testsRegistered": 5,
    "passPercent": 100,
    "pendingPercent": 0,
    "other": 0,
    "hasOther": false,
    "skipped": 0,
    "hasSkipped": false
  },
  "results": [
    {
      "uuid": "b04fb7b4-8756-40b3-b9a3-b94ad97c8fab",
      "title": "",
      "fullFile": "cypress/integration/test-suite.spec.js",
      "file": "cypress/integration/test-suite.spec.js",
      "beforeHooks": [],
      "afterHooks": [],
      "tests": [],
      "suites": [
        {
          "uuid": "e1bfeb76-385b-4b71-a3da-b1c3473f3cd6",
          "title": "Test suite",
          "fullFile": "",
          "file": "",
          "beforeHooks": [],
          "afterHooks": [],
          "tests": [
            {
              "title": "Create client",
              "fullTitle": "Test suite Create client",
              "timedOut": null,
              "duration": 3594,
              "state": "passed",
              "speed": "slow",
              "pass": true,
              "fail": false,
              "pending": false,
              "context": null,
              "code": "overviewFuncs.continueToClients(cy, targets.assertion3);\nclientFuncs.createNewClient(cy, targets.assertion4);\ncreateClientFuncs.createClient(cy, targets.clientname, targets.clientmail, targets.clientphone, targets.assertion5);",
              "err": {},
              "uuid": "eee9e5c7-c23f-400e-9335-b9a587bd256d",
              "parentUUID": "e1bfeb76-385b-4b71-a3da-b1c3473f3cd6",
              "isHook": false,
              "skipped": false
            },
            {
              "title": "Edit client",
              "fullTitle": "Test suite Edit client",
              "timedOut": null,
              "duration": 3587,
              "state": "passed",
              "speed": "slow",
              "pass": true,
              "fail": false,
              "pending": false,
              "context": null,
              "code": "overviewFuncs.continueToClients(cy, targets.assertion3);\nclientFuncs.editClient(cy, targets.assertion7);\neditClientFuncs.updateClient(cy, targets.newname, targets.newmail, targets.newphone, targets.assertion6);",
              "err": {},
              "uuid": "b0f68cca-a986-4318-b41e-4f38f2070142",
              "parentUUID": "e1bfeb76-385b-4b71-a3da-b1c3473f3cd6",
              "isHook": false,
              "skipped": false
            },
            {
              "title": "Delete client",
              "fullTitle": "Test suite Delete client",
              "timedOut": null,
              "duration": 2155,
              "state": "passed",
              "speed": "slow",
              "pass": true,
              "fail": false,
              "pending": false,
              "context": null,
              "code": "overviewFuncs.continueToClients(cy, targets.assertion3);\nclientFuncs.deleteOldClient(cy, targets.assertion3);",
              "err": {},
              "uuid": "20910bd0-3707-4512-86b5-78ca574eab3c",
              "parentUUID": "e1bfeb76-385b-4b71-a3da-b1c3473f3cd6",
              "isHook": false,
              "skipped": false
            },
            {
              "title": "Create bill",
              "fullTitle": "Test suite Create bill",
              "timedOut": null,
              "duration": 2386,
              "state": "passed",
              "speed": "slow",
              "pass": true,
              "fail": false,
              "pending": false,
              "context": null,
              "code": "overviewFuncs.continueToBills(cy, targets.assertion8);\nbillFuncs.createNewBill(cy, targets.assertion9);\ncreateBillFuncs.createBill(cy, targets.amount, targets.amount);",
              "err": {},
              "uuid": "d6f67aee-233e-4321-9714-9105e810c0b0",
              "parentUUID": "e1bfeb76-385b-4b71-a3da-b1c3473f3cd6",
              "isHook": false,
              "skipped": false
            },
            {
              "title": "Edit bill",
              "fullTitle": "Test suite Edit bill",
              "timedOut": null,
              "duration": 2685,
              "state": "passed",
              "speed": "slow",
              "pass": true,
              "fail": false,
              "pending": false,
              "context": null,
              "code": "overviewFuncs.continueToBills(cy, targets.assertion8);\nbillFuncs.editBill(cy, targets.assertion7);\neditBillFuncs.updateBill(cy, targets.newamount, targets.newamount);",
              "err": {},
              "uuid": "deba2bd6-a68c-49de-aa3a-2eff3929383d",
              "parentUUID": "e1bfeb76-385b-4b71-a3da-b1c3473f3cd6",
              "isHook": false,
              "skipped": false
            }
          ],
          "suites": [],
          "passes": [
            "eee9e5c7-c23f-400e-9335-b9a587bd256d",
            "b0f68cca-a986-4318-b41e-4f38f2070142",
            "20910bd0-3707-4512-86b5-78ca574eab3c",
            "d6f67aee-233e-4321-9714-9105e810c0b0",
            "deba2bd6-a68c-49de-aa3a-2eff3929383d"
          ],
          "failures": [],
          "pending": [],
          "skipped": [],
          "duration": 14407,
          "root": false,
          "rootEmpty": false,
          "_timeout": 2000
        }
      ],
      "passes": [],
      "failures": [],
      "pending": [],
      "skipped": [],
      "duration": 0,
      "root": true,
      "rootEmpty": true,
      "_timeout": 2000
    }
  ],
  "meta": {
    "mocha": {
      "version": "7.0.1"
    },
    "mochawesome": {
      "options": {
        "quiet": false,
        "reportFilename": "mochawesome",
        "saveHtml": true,
        "saveJson": true,
        "consoleReporter": "spec",
        "useInlineDiffs": false,
        "code": true
      },
      "version": "6.1.1"
    },
    "marge": {
      "options": null,
      "version": "5.1.0"
    }
  }
}